--- DEBUG Hint Highlight ---
Pile ID: tableau_0, isSource: false, isTarget: false
Active Hint Source: tableau_7, Target: foundation_0
Active Hint Card: A♦ (ID: CABB4329-434D-49C1-824C-43901E52C6D1)
Matched startIndex: -1
Cards in pile:
  [0] 6♠ (ID: 32544FF1-F9DE-42AB-9E57-CA2ED9695DB5) isHighlighted: false
  [1] 7♠ (ID: 21FE04A7-29B5-4462-963F-915E9650521B) isHighlighted: false
  [2] 3♦ (ID: 78BA477B-EF9B-4C42-93DB-861A8A2F3883) isHighlighted: false
  [3] 4♣ (ID: C68CB6EA-9504-4208-A36F-8E1775BD6A77) isHighlighted: false
  [4] 3♥ (ID: F4EBED65-87F1-403A-8A2A-FD7C8B3DBA53) isHighlighted: false
  [5] 9♣ (ID: 6E9B1765-81C9-4AA8-916F-800435A0CA67) isHighlighted: false
  [6] K♦ (ID: 9DA03DC9-58C4-4BC8-BC96-DA630A55C547) isHighlighted: false

--- DEBUG Hint Highlight ---
Pile ID: tableau_1, isSource: false, isTarget: false
Active Hint Source: tableau_7, Target: foundation_0
Active Hint Card: A♦ (ID: CABB4329-434D-49C1-824C-43901E52C6D1)
Matched startIndex: -1
Cards in pile:
  [0] K♠ (ID: 04549F4B-2912-470F-95D6-380094BF68F3) isHighlighted: false
  [1] 8♦ (ID: EE948AFA-9ACB-4598-B247-4565BF5026E2) isHighlighted: false
  [2] 9♥ (ID: 81069728-0F7B-43AD-BD5D-E662891BFCF5) isHighlighted: false
  [3] 8♥ (ID: 9218D841-3DAD-4D8B-BAF1-27ACB0A8F001) isHighlighted: false
  [4] A♥ (ID: 63C04E20-014E-41A1-8B4A-CF7698FFDDEC) isHighlighted: false
  [5] 10♣ (ID: 48D2486E-7288-42E1-BFD2-6FBDF45B55F0) isHighlighted: false
  [6] J♣ (ID: 10846A18-6913-4F86-B6AA-54642E16E75E) isHighlighted: false

--- DEBUG Hint Highlight ---
Pile ID: tableau_2, isSource: false, isTarget: false
Active Hint Source: tableau_7, Target: foundation_0
Active Hint Card: A♦ (ID: CABB4329-434D-49C1-824C-43901E52C6D1)
Matched startIndex: -1
Cards in pile:
  [0] 5♣ (ID: CFC39C7F-6F53-410F-B8C4-A0EEEDA9FC05) isHighlighted: false
  [1] 10♠ (ID: D5A5505E-B5FA-40D9-87CA-7B7CAB7F94C9) isHighlighted: false
  [2] A♣ (ID: 1EA9F4D7-D742-4C5B-B281-63888C2D888C) isHighlighted: false
  [3] 10♦ (ID: 7E67E3A3-7BAC-480F-8C42-75E94AA1EB64) isHighlighted: false
  [4] 8♠ (ID: 743A6FB8-4B73-455F-B576-2157587E9A85) isHighlighted: false
  [5] Q♠ (ID: 62296EC1-DF7F-4F64-80F8-E873DED9D884) isHighlighted: false
  [6] 2♠ (ID: F6DAE334-D2CF-4514-AF9B-B77F0B0E0B0B) isHighlighted: false

--- DEBUG Hint Highlight ---
Pile ID: tableau_3, isSource: false, isTarget: false
Active Hint Source: tableau_7, Target: foundation_0
Active Hint Card: A♦ (ID: CABB4329-434D-49C1-824C-43901E52C6D1)
Matched startIndex: -1
Cards in pile:
  [0] Q♥ (ID: ADDBCE87-55DA-492D-83BD-3B12D32D75E1) isHighlighted: false
  [1] 5♦ (ID: 455C6042-3F11-4EAE-9DA6-556F4D73762D) isHighlighted: false
  [2] J♦ (ID: 8DD24E65-0DDC-4742-9758-875ABA2FE982) isHighlighted: false
  [3] 6♦ (ID: F2D1D0D5-98E7-4AFF-911C-9040BFC27484) isHighlighted: false
  [4] 3♣ (ID: 6183D894-30BB-47B1-959A-D1EFCBFF19F1) isHighlighted: false
  [5] 4♦ (ID: 5C01ABC1-76DA-40C0-A7C7-EBBA64726EC8) isHighlighted: false
  [6] 9♦ (ID: 16F4302E-6860-4E04-AA03-02A02BDD4193) isHighlighted: false

--- DEBUG Hint Highlight ---
Pile ID: tableau_4, isSource: false, isTarget: false
Active Hint Source: tableau_7, Target: foundation_0
Active Hint Card: A♦ (ID: CABB4329-434D-49C1-824C-43901E52C6D1)
Matched startIndex: -1
Cards in pile:
  [0] 6♣ (ID: CBD3A4E2-F3B4-499F-B034-9CED837D1CEF) isHighlighted: false
  [1] 4♠ (ID: 45E87A92-4B59-4766-AD34-85EE802D2272) isHighlighted: false
  [2] K♥ (ID: 628C19AF-737E-438C-A54D-243E6B45FA56) isHighlighted: false
  [3] 2♣ (ID: 3948A9D3-B31A-4D46-9FCA-0CDDDF5CEB40) isHighlighted: false
  [4] 7♦ (ID: E50A7CEB-A0DF-4F6B-8E71-52CD10C1EE96) isHighlighted: false
  [5] 10♥ (ID: 8A60B406-E831-403F-BB57-2C6D6FD09D94) isHighlighted: false

--- DEBUG Hint Highlight ---
Pile ID: tableau_5, isSource: false, isTarget: false
Active Hint Source: tableau_7, Target: foundation_0
Active Hint Card: A♦ (ID: CABB4329-434D-49C1-824C-43901E52C6D1)
Matched startIndex: -1
Cards in pile:
  [0] 8♣ (ID: 38F85178-3C2A-4B19-BB46-F47EE17C5BFF) isHighlighted: false
  [1] 5♠ (ID: 920DA3FA-819E-4D48-89AB-ECD9D6118ACD) isHighlighted: false
  [2] 3♠ (ID: 7C232055-ACD6-4EF6-BC56-4B5C6FF6280F) isHighlighted: false
  [3] 7♣ (ID: 43B38BFC-63E6-46F9-9D6A-DFAF53EFE078) isHighlighted: false
  [4] 2♦ (ID: ACCA8195-2289-4F67-96D8-1C6389017610) isHighlighted: false
  [5] 4♥ (ID: F2D6B180-28C4-483D-A180-8C5D36F559A4) isHighlighted: false

--- DEBUG Hint Highlight ---
Pile ID: tableau_6, isSource: false, isTarget: false
Active Hint Source: tableau_7, Target: foundation_0
Active Hint Card: A♦ (ID: CABB4329-434D-49C1-824C-43901E52C6D1)
Matched startIndex: -1
Cards in pile:
  [0] A♠ (ID: DF412D8A-4CCF-4E71-927D-FB58E0620CCD) isHighlighted: false
  [1] 9♠ (ID: EFD2F38F-A462-4AA8-B4BC-49BDB5E5922D) isHighlighted: false
  [2] K♣ (ID: 5180FAAE-B875-4198-85D2-E8ECBCA98830) isHighlighted: false
  [3] 5♥ (ID: D43F34D2-B303-4CC4-B0AE-FDAEE2B5BC5D) isHighlighted: false
  [4] 7♥ (ID: 938A8A4D-5F89-430A-A8AF-F0AC9AC993BB) isHighlighted: false
  [5] Q♣ (ID: 8294157F-CCAA-4A14-8CE3-F912B6947F01) isHighlighted: false

--- DEBUG Hint Highlight ---
Pile ID: tableau_7, isSource: true, isTarget: false
Active Hint Source: tableau_7, Target: foundation_0
Active Hint Card: A♦ (ID: CABB4329-434D-49C1-824C-43901E52C6D1)
Matched startIndex: 5
Cards in pile:
  [0] 2♥ (ID: 246F7D81-D84F-4C11-BDEF-1496D278C602) isHighlighted: false
  [1] 6♥ (ID: 7B120706-7814-4714-A393-5D7DCDF07557) isHighlighted: false
  [2] J♠ (ID: 7C1F0EA6-3D98-4A72-A315-15D2AD6E9540) isHighlighted: false
  [3] Q♦ (ID: ADA0A0FA-DBB2-4128-AC12-043359011EAB) isHighlighted: false
  [4] J♥ (ID: F8F89C5A-2967-4108-B13F-BC5C52045E41) isHighlighted: false
  [5] A♦ (ID: CABB4329-434D-49C1-824C-43901E52C6D1) isHighlighted: true

